2025-05-05 10:28:23 - å°è¯•è®¿é—® https://admin-hosting-v.bbb-lsy07.my/json/1.json. HTTP çŠ¶æ€ç : 403
2025-05-05 10:28:23 - è·å–å¤±è´¥: æ— æ³•è·å–æ›´æ–°ä¿¡æ¯: HTTP çŠ¶æ€ç  403ï¼ˆå¯èƒ½æ˜¯æƒé™é—®é¢˜ï¼Œè¯·æ£€æŸ¥æœåŠ¡å™¨é…ç½®æˆ–æä¾› API å¯†é’¥ï¼‰
2025-05-05 10:30:16 - å°è¯•è®¿é—® https://admin-hosting-v.bbb-lsy07.my/json/1.json. HTTP çŠ¶æ€ç : 200
2025-05-05 10:35:29 - å°è¯•è®¿é—® https://admin-hosting-v.bbb-lsy07.my/json/1.json. HTTP çŠ¶æ€ç : 200
2025-05-05 10:36:05 - å°è¯•è®¿é—® https://admin-hosting-v.bbb-lsy07.my/json/1.json. HTTP çŠ¶æ€ç : 200
2025-05-05 10:37:12 - å°è¯•è®¿é—® https://admin-hosting-v.bbb-lsy07.my/json/1.json. HTTP çŠ¶æ€ç : 200
2025-05-05 10:37:12 - å½“å‰ç‰ˆæœ¬: 1.0.1, æœ€æ–°ç‰ˆæœ¬: v1.0.1, æ˜¯å¦å¯æ›´æ–°: å¦
2025-05-05 10:40:43 - å°è¯•è®¿é—® https://admin-hosting-v.bbb-lsy07.my/json/1.json. HTTP çŠ¶æ€ç : 200
2025-05-05 10:40:52 - å°è¯•è®¿é—® https://admin-hosting-v.bbb-lsy07.my/json/1.json. HTTP çŠ¶æ€ç : 200
2025-05-05 10:40:59 - å°è¯•è®¿é—® https://admin-hosting-v.bbb-lsy07.my/json/1.json. HTTP çŠ¶æ€ç : 200
2025-05-05 10:43:46 - å°è¯•è®¿é—® https://admin-hosting-v.bbb-lsy07.my/json/1.json. HTTP çŠ¶æ€ç : 200
2025-05-05 10:44:07 - å°è¯•è®¿é—® https://admin-hosting-v.bbb-lsy07.my/json/1.json. HTTP çŠ¶æ€ç : 200 | å“åº”å‰100å­—ç¬¦: {
    "id": 1,
    "name": "è”bBbç›Ÿ ICP å¤‡æ¡ˆç³»ç»Ÿ",
    "description": "å¼€æºçš„ç²¾ç®€çš„è™šæ‹
2025-05-05 10:44:07 - å½“å‰ç‰ˆæœ¬: 1.0.1, æœ€æ–°ç‰ˆæœ¬: v1.0.1, æ˜¯å¦å¯æ›´æ–°: å¦
2025-05-05 10:47:36 - å°è¯•è®¿é—® https://admin-hosting-v.bbb-lsy07.my/json/1.json. HTTP çŠ¶æ€ç : 200 | å“åº”å‰100å­—ç¬¦: {
    "id": 1,
    "name": "è”bBbç›Ÿ ICP å¤‡æ¡ˆç³»ç»Ÿ",
    "description": "å¼€æºçš„ç²¾ç®€çš„è™šæ‹
2025-05-05 10:47:36 - å½“å‰ç‰ˆæœ¬: 1.0.1, æœ€æ–°ç‰ˆæœ¬: v1.0.1, æ˜¯å¦å¯æ›´æ–°: å¦
2025-05-05 10:48:07 - å°è¯•è®¿é—® https://admin-hosting-v.bbb-lsy07.my/json/1.json. HTTP çŠ¶æ€ç : 200 | å“åº”å‰100å­—ç¬¦: {
    "id": 1,
    "name": "è”bBbç›Ÿ ICP å¤‡æ¡ˆç³»ç»Ÿ",
    "description": "å¼€æºçš„ç²¾ç®€çš„è™šæ‹
2025-05-05 10:48:07 - å½“å‰ç‰ˆæœ¬: 1.0.1, æœ€æ–°ç‰ˆæœ¬: v1.0.1, æ˜¯å¦å¯æ›´æ–°: å¦
2025-05-05 10:48:26 - å°è¯•è®¿é—® https://admin-hosting-v.bbb-lsy07.my/json/1.json. HTTP çŠ¶æ€ç : 200 | å“åº”å‰100å­—ç¬¦: {
    "id": 1,
    "name": "è”bBbç›Ÿ ICP å¤‡æ¡ˆç³»ç»Ÿ",
    "description": "å¼€æºçš„ç²¾ç®€çš„è™šæ‹
2025-05-05 10:48:26 - å½“å‰ç‰ˆæœ¬: 2.5.0, æœ€æ–°ç‰ˆæœ¬: v1.0.1, æ˜¯å¦å¯æ›´æ–°: å¦
